Found total gpus 4
2023-07-13 14:53:52,537 - Added key: store_based_barrier_key:1 to store for rank: 3
2023-07-13 14:53:52,997 - Added key: store_based_barrier_key:1 to store for rank: 1
2023-07-13 14:53:53,163 - Added key: store_based_barrier_key:1 to store for rank: 0
2023-07-13 14:53:53,177 - Added key: store_based_barrier_key:1 to store for rank: 2
2023-07-13 14:53:53,177 - Rank 2: Completed store-based barrier for key:store_based_barrier_key:1 with 4 nodes.
2023-07-13 14:53:53,183 - Rank 1: Completed store-based barrier for key:store_based_barrier_key:1 with 4 nodes.
2023-07-13 14:53:53,184 - Rank 0: Completed store-based barrier for key:store_based_barrier_key:1 with 4 nodes.
2023-07-13 14:53:53,186 - Rank 3: Completed store-based barrier for key:store_based_barrier_key:1 with 4 nodes.
0  gpu 0
Batch size is: 2 epochs 60
image size is:
96 96 96
Total parameters count 62191941
Writing Tensorboard logs to  ./runs/4_gpu_60_epochs_cached
0 Thu Jul 13 14:53:58 2023 Epoch: 0
2  gpu 2
image size is:
96 96 96
Total parameters count 62191941
2 Thu Jul 13 14:53:58 2023 Epoch: 0
1  gpu 1
image size is:
96 96 96
Total parameters count 62191941
1 Thu Jul 13 14:53:58 2023 Epoch: 0
3  gpu 3
image size is:
96 96 96
Total parameters count 62191941
3 Thu Jul 13 14:53:58 2023 Epoch: 0
Epoch 0/60 0/125 loss: 0.9746 time 44.60s
2023-07-13 14:54:42,957 - Reducer buckets have been rebuilt in this iteration.
2023-07-13 14:54:42,959 - Reducer buckets have been rebuilt in this iteration.
2023-07-13 14:54:42,958 - Reducer buckets have been rebuilt in this iteration.
2023-07-13 14:54:42,959 - Reducer buckets have been rebuilt in this iteration.
1 Thu Jul 13 15:00:30 2023 Epoch: 1
2 Thu Jul 13 15:00:30 2023 Epoch: 1
3 Thu Jul 13 15:00:30 2023 Epoch: 1
Epoch 0/60 1/125 loss: 0.9712 time 1.34s
Epoch 0/60 2/125 loss: 0.9727 time 1.34s
Epoch 0/60 3/125 loss: 0.9687 time 1.34s
Epoch 0/60 4/125 loss: 0.9671 time 1.38s
Epoch 0/60 5/125 loss: 0.9653 time 1.35s
Epoch 0/60 6/125 loss: 0.9642 time 1.40s
Epoch 0/60 7/125 loss: 0.9637 time 1.37s
Epoch 0/60 8/125 loss: 0.9618 time 6.47s
Epoch 0/60 9/125 loss: 0.9582 time 1.34s
Epoch 0/60 10/125 loss: 0.9598 time 1.32s
Epoch 0/60 11/125 loss: 0.9600 time 1.42s
Epoch 0/60 12/125 loss: 0.9594 time 1.45s
Epoch 0/60 13/125 loss: 0.9584 time 1.34s
Epoch 0/60 14/125 loss: 0.9569 time 1.34s
Epoch 0/60 15/125 loss: 0.9559 time 1.42s
Epoch 0/60 16/125 loss: 0.9544 time 16.38s
Epoch 0/60 17/125 loss: 0.9559 time 1.34s
Epoch 0/60 18/125 loss: 0.9534 time 1.37s
Epoch 0/60 19/125 loss: 0.9541 time 1.34s
Epoch 0/60 20/125 loss: 0.9527 time 1.36s
Epoch 0/60 21/125 loss: 0.9538 time 1.38s
Epoch 0/60 22/125 loss: 0.9525 time 1.41s
Epoch 0/60 23/125 loss: 0.9535 time 1.42s
Epoch 0/60 24/125 loss: 0.9531 time 19.07s
Epoch 0/60 25/125 loss: 0.9530 time 1.38s
Epoch 0/60 26/125 loss: 0.9516 time 1.40s
Epoch 0/60 27/125 loss: 0.9527 time 1.42s
Epoch 0/60 28/125 loss: 0.9528 time 1.48s
Epoch 0/60 29/125 loss: 0.9533 time 1.38s
Epoch 0/60 30/125 loss: 0.9534 time 1.34s
Epoch 0/60 31/125 loss: 0.9526 time 1.36s
Epoch 0/60 32/125 loss: 0.9527 time 13.34s
Epoch 0/60 33/125 loss: 0.9526 time 1.34s
Epoch 0/60 34/125 loss: 0.9526 time 1.44s
Epoch 0/60 35/125 loss: 0.9518 time 1.44s
Epoch 0/60 36/125 loss: 0.9521 time 1.45s
Epoch 0/60 37/125 loss: 0.9520 time 1.42s
Epoch 0/60 38/125 loss: 0.9523 time 1.41s
Epoch 0/60 39/125 loss: 0.9519 time 1.36s
Epoch 0/60 40/125 loss: 0.9515 time 11.80s
Epoch 0/60 41/125 loss: 0.9513 time 1.35s
Epoch 0/60 42/125 loss: 0.9512 time 1.34s
Epoch 0/60 43/125 loss: 0.9508 time 1.36s
Epoch 0/60 44/125 loss: 0.9509 time 1.42s
Epoch 0/60 45/125 loss: 0.9507 time 1.40s
Epoch 0/60 46/125 loss: 0.9504 time 1.35s
Epoch 0/60 47/125 loss: 0.9501 time 1.38s
Epoch 0/60 48/125 loss: 0.9503 time 16.98s
Epoch 0/60 49/125 loss: 0.9492 time 1.35s
Epoch 0/60 50/125 loss: 0.9489 time 1.36s
Epoch 0/60 51/125 loss: 0.9494 time 1.37s
Epoch 0/60 52/125 loss: 0.9490 time 1.35s
Epoch 0/60 53/125 loss: 0.9485 time 1.40s
Epoch 0/60 54/125 loss: 0.9480 time 1.36s
Epoch 0/60 55/125 loss: 0.9484 time 1.39s
Epoch 0/60 56/125 loss: 0.9487 time 16.26s
Epoch 0/60 57/125 loss: 0.9483 time 1.38s
Epoch 0/60 58/125 loss: 0.9478 time 1.35s
Epoch 0/60 59/125 loss: 0.9475 time 1.36s
Epoch 0/60 60/125 loss: 0.9475 time 1.38s
Epoch 0/60 61/125 loss: 0.9481 time 1.35s
Epoch 0/60 62/125 loss: 0.9479 time 1.40s
Epoch 0/60 63/125 loss: 0.9482 time 1.39s
Epoch 0/60 64/125 loss: 0.9481 time 15.27s
Epoch 0/60 65/125 loss: 0.9474 time 1.45s
Epoch 0/60 66/125 loss: 0.9466 time 1.38s
Epoch 0/60 67/125 loss: 0.9467 time 1.41s
Epoch 0/60 68/125 loss: 0.9474 time 1.36s
Epoch 0/60 69/125 loss: 0.9476 time 1.49s
Epoch 0/60 70/125 loss: 0.9473 time 1.39s
Epoch 0/60 71/125 loss: 0.9470 time 1.35s
Epoch 0/60 72/125 loss: 0.9472 time 12.19s
Epoch 0/60 73/125 loss: 0.9466 time 1.40s
Epoch 0/60 74/125 loss: 0.9459 time 1.36s
Epoch 0/60 75/125 loss: 0.9463 time 1.44s
Epoch 0/60 76/125 loss: 0.9467 time 1.39s
Epoch 0/60 77/125 loss: 0.9467 time 1.43s
Epoch 0/60 78/125 loss: 0.9467 time 1.39s
Epoch 0/60 79/125 loss: 0.9463 time 1.36s
Epoch 0/60 80/125 loss: 0.9457 time 11.67s
Epoch 0/60 81/125 loss: 0.9458 time 1.45s
Epoch 0/60 82/125 loss: 0.9454 time 1.47s
Epoch 0/60 83/125 loss: 0.9452 time 1.40s
Epoch 0/60 84/125 loss: 0.9454 time 1.37s
Epoch 0/60 85/125 loss: 0.9454 time 1.38s
Epoch 0/60 86/125 loss: 0.9451 time 1.35s
Epoch 0/60 87/125 loss: 0.9451 time 1.37s
Epoch 0/60 88/125 loss: 0.9449 time 12.76s
Epoch 0/60 89/125 loss: 0.9445 time 1.34s
Epoch 0/60 90/125 loss: 0.9445 time 1.43s
Epoch 0/60 91/125 loss: 0.9444 time 1.46s
Epoch 0/60 92/125 loss: 0.9439 time 1.37s
Epoch 0/60 93/125 loss: 0.9436 time 1.37s
Epoch 0/60 94/125 loss: 0.9434 time 1.38s
Epoch 0/60 95/125 loss: 0.9430 time 1.36s
Epoch 0/60 96/125 loss: 0.9427 time 13.93s
Epoch 0/60 97/125 loss: 0.9426 time 1.40s
Epoch 0/60 98/125 loss: 0.9425 time 1.35s
Epoch 0/60 99/125 loss: 0.9423 time 1.48s
Epoch 0/60 100/125 loss: 0.9417 time 1.40s
Epoch 0/60 101/125 loss: 0.9420 time 1.34s
Epoch 0/60 102/125 loss: 0.9415 time 1.39s
Epoch 0/60 103/125 loss: 0.9416 time 1.36s
Epoch 0/60 104/125 loss: 0.9412 time 13.19s
Epoch 0/60 105/125 loss: 0.9408 time 1.48s
Epoch 0/60 106/125 loss: 0.9406 time 1.54s
Epoch 0/60 107/125 loss: 0.9407 time 1.45s
Epoch 0/60 108/125 loss: 0.9405 time 1.45s
Epoch 0/60 109/125 loss: 0.9406 time 1.36s
Epoch 0/60 110/125 loss: 0.9405 time 1.37s
Epoch 0/60 111/125 loss: 0.9404 time 1.36s
Epoch 0/60 112/125 loss: 0.9404 time 5.93s
Epoch 0/60 113/125 loss: 0.9403 time 1.43s
Epoch 0/60 114/125 loss: 0.9405 time 1.36s
Epoch 0/60 115/125 loss: 0.9405 time 1.37s
Epoch 0/60 116/125 loss: 0.9405 time 1.39s
Epoch 0/60 117/125 loss: 0.9402 time 1.37s
Epoch 0/60 118/125 loss: 0.9402 time 6.44s
Epoch 0/60 119/125 loss: 0.9404 time 1.36s
Epoch 0/60 120/125 loss: 0.9401 time 5.62s
Epoch 0/60 121/125 loss: 0.9401 time 1.36s
Epoch 0/60 122/125 loss: 0.9399 time 1.37s
Epoch 0/60 123/125 loss: 0.9394 time 1.35s
Epoch 0/60 124/125 loss: 0.9396 time 1.35s
Final training  0/59 loss: 0.9396 time 391.93s
0 Thu Jul 13 15:00:30 2023 Epoch: 1
3 Thu Jul 13 15:06:56 2023 Epoch: 2
1 Thu Jul 13 15:06:56 2023 Epoch: 2
2 Thu Jul 13 15:06:56 2023 Epoch: 2
Epoch 1/60 0/125 loss: 0.9078 time 69.58s
Epoch 1/60 1/125 loss: 0.9112 time 1.33s
Epoch 1/60 2/125 loss: 0.9072 time 1.34s
Epoch 1/60 3/125 loss: 0.9002 time 1.34s
Epoch 1/60 4/125 loss: 0.9066 time 1.34s
Epoch 1/60 5/125 loss: 0.9089 time 1.34s
Epoch 1/60 6/125 loss: 0.9022 time 1.37s
Epoch 1/60 7/125 loss: 0.9089 time 1.44s
Epoch 1/60 8/125 loss: 0.9108 time 18.60s
Epoch 1/60 9/125 loss: 0.9081 time 1.33s
Epoch 1/60 10/125 loss: 0.9091 time 1.45s
Epoch 1/60 11/125 loss: 0.9099 time 1.36s
Epoch 1/60 12/125 loss: 0.9143 time 1.38s
Epoch 1/60 13/125 loss: 0.9118 time 1.35s
Epoch 1/60 14/125 loss: 0.9144 time 1.44s
Epoch 1/60 15/125 loss: 0.9133 time 1.42s
Epoch 1/60 16/125 loss: 0.9160 time 18.70s
Epoch 1/60 17/125 loss: 0.9167 time 1.47s
Epoch 1/60 18/125 loss: 0.9179 time 1.38s
Epoch 1/60 19/125 loss: 0.9155 time 1.36s
Epoch 1/60 20/125 loss: 0.9142 time 1.47s
Epoch 1/60 21/125 loss: 0.9145 time 1.36s
Epoch 1/60 22/125 loss: 0.9152 time 1.36s
Epoch 1/60 23/125 loss: 0.9176 time 1.43s
Epoch 1/60 24/125 loss: 0.9183 time 9.29s
Epoch 1/60 25/125 loss: 0.9186 time 4.85s
Epoch 1/60 26/125 loss: 0.9202 time 1.40s
Epoch 1/60 27/125 loss: 0.9211 time 2.35s
Epoch 1/60 28/125 loss: 0.9223 time 1.42s
Epoch 1/60 29/125 loss: 0.9237 time 1.46s
Epoch 1/60 30/125 loss: 0.9227 time 1.45s
Epoch 1/60 31/125 loss: 0.9236 time 1.43s
Epoch 1/60 32/125 loss: 0.9252 time 2.71s
Epoch 1/60 33/125 loss: 0.9255 time 5.28s
Epoch 1/60 34/125 loss: 0.9246 time 1.47s
Epoch 1/60 35/125 loss: 0.9247 time 2.15s
Epoch 1/60 36/125 loss: 0.9230 time 1.37s
Epoch 1/60 37/125 loss: 0.9221 time 1.48s
Epoch 1/60 38/125 loss: 0.9218 time 1.47s
Epoch 1/60 39/125 loss: 0.9214 time 1.53s
Epoch 1/60 40/125 loss: 0.9202 time 6.90s
Epoch 1/60 41/125 loss: 0.9202 time 4.46s
Epoch 1/60 42/125 loss: 0.9204 time 1.47s
Epoch 1/60 43/125 loss: 0.9201 time 1.47s
Epoch 1/60 44/125 loss: 0.9197 time 1.47s
Epoch 1/60 45/125 loss: 0.9188 time 1.37s
Epoch 1/60 46/125 loss: 0.9193 time 1.45s
Epoch 1/60 47/125 loss: 0.9203 time 1.54s
Epoch 1/60 48/125 loss: 0.9191 time 7.86s
Epoch 1/60 49/125 loss: 0.9196 time 1.73s
Epoch 1/60 50/125 loss: 0.9203 time 1.44s
Epoch 1/60 51/125 loss: 0.9203 time 1.36s
Epoch 1/60 52/125 loss: 0.9201 time 1.36s
Epoch 1/60 53/125 loss: 0.9198 time 1.42s
Epoch 1/60 54/125 loss: 0.9200 time 1.39s
Epoch 1/60 55/125 loss: 0.9194 time 1.37s
Epoch 1/60 56/125 loss: 0.9202 time 5.89s
Epoch 1/60 57/125 loss: 0.9200 time 6.79s
Epoch 1/60 58/125 loss: 0.9198 time 1.40s
Epoch 1/60 59/125 loss: 0.9194 time 1.47s
Epoch 1/60 60/125 loss: 0.9191 time 1.36s
Epoch 1/60 61/125 loss: 0.9183 time 1.44s
Epoch 1/60 62/125 loss: 0.9184 time 1.43s
Epoch 1/60 63/125 loss: 0.9183 time 1.44s
Epoch 1/60 64/125 loss: 0.9185 time 1.37s
Epoch 1/60 65/125 loss: 0.9182 time 14.45s
Epoch 1/60 66/125 loss: 0.9185 time 1.41s
Epoch 1/60 67/125 loss: 0.9181 time 1.37s
Epoch 1/60 68/125 loss: 0.9183 time 1.43s
Epoch 1/60 69/125 loss: 0.9188 time 1.42s
Epoch 1/60 70/125 loss: 0.9189 time 1.48s
Epoch 1/60 71/125 loss: 0.9188 time 1.44s
Epoch 1/60 72/125 loss: 0.9184 time 2.13s
Epoch 1/60 73/125 loss: 0.9184 time 11.24s
Epoch 1/60 74/125 loss: 0.9189 time 1.45s
Epoch 1/60 75/125 loss: 0.9186 time 1.44s
Epoch 1/60 76/125 loss: 0.9185 time 1.45s
Epoch 1/60 77/125 loss: 0.9185 time 1.36s
Epoch 1/60 78/125 loss: 0.9183 time 1.48s
Epoch 1/60 79/125 loss: 0.9184 time 1.40s
Epoch 1/60 80/125 loss: 0.9182 time 1.37s
Epoch 1/60 81/125 loss: 0.9177 time 10.67s
Epoch 1/60 82/125 loss: 0.9180 time 1.44s
Epoch 1/60 83/125 loss: 0.9185 time 1.35s
Epoch 1/60 84/125 loss: 0.9188 time 1.45s
Epoch 1/60 85/125 loss: 0.9189 time 1.40s
Epoch 1/60 86/125 loss: 0.9184 time 1.42s
Epoch 1/60 87/125 loss: 0.9184 time 1.52s
Epoch 1/60 88/125 loss: 0.9184 time 1.48s
Epoch 1/60 89/125 loss: 0.9187 time 8.64s
Epoch 1/60 90/125 loss: 0.9188 time 1.36s
Epoch 1/60 91/125 loss: 0.9189 time 1.37s
Epoch 1/60 92/125 loss: 0.9191 time 1.38s
Epoch 1/60 93/125 loss: 0.9193 time 1.46s
Epoch 1/60 94/125 loss: 0.9194 time 1.38s
Epoch 1/60 95/125 loss: 0.9196 time 1.51s
Epoch 1/60 96/125 loss: 0.9196 time 1.50s
Epoch 1/60 97/125 loss: 0.9196 time 10.65s
Epoch 1/60 98/125 loss: 0.9194 time 1.46s
Epoch 1/60 99/125 loss: 0.9191 time 1.39s
Epoch 1/60 100/125 loss: 0.9187 time 1.37s
Epoch 1/60 101/125 loss: 0.9186 time 1.48s
Epoch 1/60 102/125 loss: 0.9187 time 1.39s
Epoch 1/60 103/125 loss: 0.9189 time 1.45s
Epoch 1/60 104/125 loss: 0.9190 time 2.78s
Epoch 1/60 105/125 loss: 0.9184 time 11.10s
Epoch 1/60 106/125 loss: 0.9181 time 1.45s
Epoch 1/60 107/125 loss: 0.9179 time 1.46s
Epoch 1/60 108/125 loss: 0.9175 time 1.53s
Epoch 1/60 109/125 loss: 0.9178 time 1.39s
Epoch 1/60 110/125 loss: 0.9179 time 1.36s
Epoch 1/60 111/125 loss: 0.9178 time 1.41s
Epoch 1/60 112/125 loss: 0.9177 time 1.40s
Epoch 1/60 113/125 loss: 0.9179 time 4.10s
Epoch 1/60 114/125 loss: 0.9177 time 1.37s
Epoch 1/60 115/125 loss: 0.9175 time 1.37s
Epoch 1/60 116/125 loss: 0.9175 time 1.39s
Epoch 1/60 117/125 loss: 0.9176 time 1.36s
Epoch 1/60 118/125 loss: 0.9169 time 1.38s
Epoch 1/60 119/125 loss: 0.9172 time 1.37s
Epoch 1/60 120/125 loss: 0.9169 time 1.37s
Epoch 1/60 121/125 loss: 0.9169 time 1.38s
Epoch 1/60 122/125 loss: 0.9172 time 1.38s
Epoch 1/60 123/125 loss: 0.9171 time 1.38s
Epoch 1/60 124/125 loss: 0.9169 time 1.38s
Final training  1/59 loss: 0.9169 time 386.04s
0 Thu Jul 13 15:06:56 2023 Epoch: 2
2 Thu Jul 13 15:13:37 2023 Epoch: 3
Epoch 2/60 0/125 loss: 0.9486 time 25.95s
Epoch 2/60 1/125 loss: 0.9388 time 1.38s
Epoch 2/60 2/125 loss: 0.9289 time 1.36s
Epoch 2/60 3/125 loss: 0.9298 time 1.43s
Epoch 2/60 4/125 loss: 0.9253 time 1.45s
Epoch 2/60 5/125 loss: 0.9265 time 1.49s
Epoch 2/60 6/125 loss: 0.9290 time 1.44s
Epoch 2/60 7/125 loss: 0.9216 time 1.36s
Epoch 2/60 8/125 loss: 0.9194 time 13.45s
Epoch 2/60 9/125 loss: 0.9185 time 1.39s
Epoch 2/60 10/125 loss: 0.9183 time 1.36s
Epoch 2/60 11/125 loss: 0.9156 time 1.43s
Epoch 2/60 12/125 loss: 0.9175 time 1.45s
Epoch 2/60 13/125 loss: 0.9176 time 1.41s
Epoch 2/60 14/125 loss: 0.9184 time 1.41s
Epoch 2/60 15/125 loss: 0.9180 time 1.46s
Epoch 2/60 16/125 loss: 0.9187 time 8.71s
Epoch 2/60 17/125 loss: 0.9194 time 1.39s
Epoch 2/60 18/125 loss: 0.9214 time 1.43s
Epoch 2/60 19/125 loss: 0.9218 time 1.42s
Epoch 2/60 20/125 loss: 0.9205 time 1.46s
Epoch 2/60 21/125 loss: 0.9203 time 1.48s
Epoch 2/60 22/125 loss: 0.9180 time 1.42s
Epoch 2/60 23/125 loss: 0.9169 time 1.39s
Epoch 2/60 24/125 loss: 0.9154 time 8.42s
Epoch 2/60 25/125 loss: 0.9160 time 1.38s
Epoch 2/60 26/125 loss: 0.9159 time 1.41s
Epoch 2/60 27/125 loss: 0.9147 time 1.43s
Epoch 2/60 28/125 loss: 0.9153 time 1.37s
Epoch 2/60 29/125 loss: 0.9154 time 1.51s
Epoch 2/60 30/125 loss: 0.9151 time 1.58s
Epoch 2/60 31/125 loss: 0.9142 time 1.54s
Epoch 2/60 32/125 loss: 0.9109 time 7.99s
Epoch 2/60 33/125 loss: 0.9093 time 1.43s
Epoch 2/60 34/125 loss: 0.9091 time 1.44s
Epoch 2/60 35/125 loss: 0.9086 time 1.47s
Epoch 2/60 36/125 loss: 0.9079 time 1.44s
Epoch 2/60 37/125 loss: 0.9077 time 1.42s
Epoch 2/60 38/125 loss: 0.9071 time 1.49s
Epoch 2/60 39/125 loss: 0.9070 time 1.43s
Epoch 2/60 40/125 loss: 0.9074 time 10.28s
Epoch 2/60 41/125 loss: 0.9062 time 1.39s
Epoch 2/60 42/125 loss: 0.9047 time 1.59s
Epoch 2/60 43/125 loss: 0.9044 time 1.41s
Epoch 2/60 44/125 loss: 0.9041 time 1.37s
Epoch 2/60 45/125 loss: 0.9049 time 1.46s
Epoch 2/60 46/125 loss: 0.9053 time 1.38s
Epoch 2/60 47/125 loss: 0.9049 time 1.55s
Epoch 2/60 48/125 loss: 0.9045 time 12.82s
Epoch 2/60 49/125 loss: 0.9049 time 1.45s
Epoch 2/60 50/125 loss: 0.9041 time 1.52s
Epoch 2/60 51/125 loss: 0.9051 time 1.45s
Epoch 2/60 52/125 loss: 0.9046 time 1.47s
Epoch 2/60 53/125 loss: 0.9053 time 1.41s
Epoch 2/60 54/125 loss: 0.9052 time 1.45s
Epoch 2/60 55/125 loss: 0.9053 time 1.40s
Epoch 2/60 56/125 loss: 0.9053 time 4.64s
Epoch 2/60 57/125 loss: 0.9053 time 1.38s
Epoch 2/60 58/125 loss: 0.9055 time 1.51s
Epoch 2/60 59/125 loss: 0.9047 time 2.25s
Epoch 2/60 60/125 loss: 0.9048 time 1.52s
Epoch 2/60 61/125 loss: 0.9048 time 1.41s
Epoch 2/60 62/125 loss: 0.9052 time 1.48s
Epoch 2/60 63/125 loss: 0.9053 time 1.40s
Epoch 2/60 64/125 loss: 0.9050 time 12.76s
Epoch 2/60 65/125 loss: 0.9045 time 1.37s
Epoch 2/60 66/125 loss: 0.9046 time 1.50s
Epoch 2/60 67/125 loss: 0.9044 time 1.57s
Epoch 2/60 68/125 loss: 0.9042 time 1.45s
Epoch 2/60 69/125 loss: 0.9044 time 1.50s
Epoch 2/60 70/125 loss: 0.9046 time 1.39s
Epoch 2/60 71/125 loss: 0.9050 time 1.46s
Epoch 2/60 72/125 loss: 0.9048 time 12.18s
Epoch 2/60 73/125 loss: 0.9047 time 1.36s
Epoch 2/60 74/125 loss: 0.9042 time 1.38s
Epoch 2/60 75/125 loss: 0.9044 time 1.37s
Epoch 2/60 76/125 loss: 0.9039 time 10.58s
Epoch 2/60 77/125 loss: 0.9039 time 1.37s
Epoch 2/60 78/125 loss: 0.9037 time 1.36s
Epoch 2/60 79/125 loss: 0.9034 time 1.37s
Epoch 2/60 80/125 loss: 0.9030 time 49.25s
Epoch 2/60 81/125 loss: 0.9029 time 1.36s
Epoch 2/60 82/125 loss: 0.9023 time 1.36s
Epoch 2/60 83/125 loss: 0.9021 time 1.36s
Epoch 2/60 84/125 loss: 0.9021 time 1.96s
Epoch 2/60 85/125 loss: 0.9019 time 1.46s
Epoch 2/60 86/125 loss: 0.9016 time 1.46s
Epoch 2/60 87/125 loss: 0.9016 time 1.35s
Epoch 2/60 88/125 loss: 0.9015 time 15.73s
Epoch 2/60 89/125 loss: 0.9019 time 5.24s
Epoch 2/60 90/125 loss: 0.9019 time 1.36s
Epoch 2/60 91/125 loss: 0.9024 time 1.33s
Epoch 2/60 92/125 loss: 0.9019 time 1.43s
Epoch 2/60 93/125 loss: 0.9017 time 1.45s
Epoch 2/60 94/125 loss: 0.9015 time 1.47s
Epoch 2/60 95/125 loss: 0.9018 time 1.37s
Epoch 2/60 96/125 loss: 0.9017 time 5.44s
Epoch 2/60 97/125 loss: 0.9012 time 7.64s
Epoch 2/60 98/125 loss: 0.9003 time 1.37s
Epoch 2/60 99/125 loss: 0.9005 time 1.36s
Epoch 2/60 100/125 loss: 0.8998 time 1.35s
Epoch 2/60 101/125 loss: 0.8994 time 1.36s
Epoch 2/60 102/125 loss: 0.8987 time 1.36s
Epoch 2/60 103/125 loss: 0.8989 time 1.44s
Epoch 2/60 104/125 loss: 0.8988 time 8.66s
Epoch 2/60 105/125 loss: 0.8988 time 11.15s
Epoch 2/60 106/125 loss: 0.8988 time 1.34s
Epoch 2/60 107/125 loss: 0.8985 time 1.36s
Epoch 2/60 108/125 loss: 0.8985 time 1.37s
Epoch 2/60 109/125 loss: 0.8981 time 1.37s
Epoch 2/60 110/125 loss: 0.8980 time 1.37s
Epoch 2/60 111/125 loss: 0.8970 time 1.44s
Epoch 2/60 112/125 loss: 0.8973 time 7.81s
Epoch 2/60 113/125 loss: 0.8975 time 9.51s
Epoch 2/60 114/125 loss: 0.8976 time 1.36s
Epoch 2/60 115/125 loss: 0.8975 time 1.35s
Epoch 2/60 116/125 loss: 0.8974 time 1.36s
Epoch 2/60 117/125 loss: 0.8975 time 1.37s
Epoch 2/60 118/125 loss: 0.8974 time 1.37s
Epoch 2/60 119/125 loss: 0.8971 time 1.37s
Epoch 2/60 120/125 loss: 0.8970 time 3.87s
Epoch 2/60 121/125 loss: 0.8966 time 1.36s
Epoch 2/60 122/125 loss: 0.8969 time 1.35s
Epoch 2/60 123/125 loss: 0.8969 time 1.37s
Epoch 2/60 124/125 loss: 0.8964 time 1.37s
Final training  2/59 loss: 0.8964 time 401.12s
0 Thu Jul 13 15:13:37 2023 Epoch: 3
1 Thu Jul 13 15:13:37 2023 Epoch: 3
3 Thu Jul 13 15:13:37 2023 Epoch: 3
3 Thu Jul 13 15:19:00 2023 Epoch: 4
2 Thu Jul 13 15:19:00 2023 Epoch: 4
1 Thu Jul 13 15:19:00 2023 Epoch: 4
Epoch 3/60 0/125 loss: 0.8108 time 27.18s
Epoch 3/60 1/125 loss: 0.8540 time 2.03s
Epoch 3/60 2/125 loss: 0.8553 time 1.47s
Epoch 3/60 3/125 loss: 0.8616 time 1.60s
Epoch 3/60 4/125 loss: 0.8750 time 1.38s
Epoch 3/60 5/125 loss: 0.8761 time 1.36s
Epoch 3/60 6/125 loss: 0.8763 time 1.40s
Epoch 3/60 7/125 loss: 0.8822 time 1.45s
Epoch 3/60 8/125 loss: 0.8757 time 10.51s
Epoch 3/60 9/125 loss: 0.8744 time 3.65s
Epoch 3/60 10/125 loss: 0.8796 time 1.38s
Epoch 3/60 11/125 loss: 0.8816 time 1.47s
Epoch 3/60 12/125 loss: 0.8799 time 1.41s
Epoch 3/60 13/125 loss: 0.8810 time 1.43s
Epoch 3/60 14/125 loss: 0.8792 time 1.51s
Epoch 3/60 15/125 loss: 0.8781 time 1.45s
Epoch 3/60 16/125 loss: 0.8809 time 1.90s
Epoch 3/60 17/125 loss: 0.8830 time 8.48s
Epoch 3/60 18/125 loss: 0.8839 time 1.40s
Epoch 3/60 19/125 loss: 0.8800 time 1.36s
Epoch 3/60 20/125 loss: 0.8803 time 1.44s
Epoch 3/60 21/125 loss: 0.8798 time 1.48s
Epoch 3/60 22/125 loss: 0.8799 time 1.56s
Epoch 3/60 23/125 loss: 0.8787 time 1.39s
Epoch 3/60 24/125 loss: 0.8797 time 1.36s
Epoch 3/60 25/125 loss: 0.8789 time 16.20s
Epoch 3/60 26/125 loss: 0.8784 time 1.49s
Epoch 3/60 27/125 loss: 0.8784 time 1.39s
Epoch 3/60 28/125 loss: 0.8775 time 1.40s
Epoch 3/60 29/125 loss: 0.8780 time 1.45s
Epoch 3/60 30/125 loss: 0.8782 time 1.43s
Epoch 3/60 31/125 loss: 0.8775 time 1.38s
Epoch 3/60 32/125 loss: 0.8779 time 1.36s
Epoch 3/60 33/125 loss: 0.8780 time 12.31s
Epoch 3/60 34/125 loss: 0.8778 time 1.43s
Epoch 3/60 35/125 loss: 0.8776 time 1.39s
Epoch 3/60 36/125 loss: 0.8778 time 1.48s
Epoch 3/60 37/125 loss: 0.8771 time 1.46s
Epoch 3/60 38/125 loss: 0.8784 time 1.41s
Epoch 3/60 39/125 loss: 0.8805 time 1.41s
Epoch 3/60 40/125 loss: 0.8811 time 1.36s
Epoch 3/60 41/125 loss: 0.8798 time 11.19s
Epoch 3/60 42/125 loss: 0.8801 time 1.37s
Epoch 3/60 43/125 loss: 0.8800 time 1.44s
Epoch 3/60 44/125 loss: 0.8791 time 1.44s
Epoch 3/60 45/125 loss: 0.8795 time 1.38s
Epoch 3/60 46/125 loss: 0.8796 time 1.40s
Epoch 3/60 47/125 loss: 0.8800 time 1.41s
Epoch 3/60 48/125 loss: 0.8800 time 1.39s
Epoch 3/60 49/125 loss: 0.8793 time 10.47s
Epoch 3/60 50/125 loss: 0.8798 time 1.46s
Epoch 3/60 51/125 loss: 0.8796 time 1.36s
Epoch 3/60 52/125 loss: 0.8794 time 1.42s
Epoch 3/60 53/125 loss: 0.8801 time 1.45s
Epoch 3/60 54/125 loss: 0.8796 time 1.43s
Epoch 3/60 55/125 loss: 0.8802 time 1.43s
Epoch 3/60 56/125 loss: 0.8796 time 1.51s
Epoch 3/60 57/125 loss: 0.8798 time 2.11s
Epoch 3/60 58/125 loss: 0.8803 time 1.40s
Epoch 3/60 59/125 loss: 0.8801 time 1.37s
Epoch 3/60 60/125 loss: 0.8804 time 1.51s
Epoch 3/60 61/125 loss: 0.8802 time 1.48s
Epoch 3/60 62/125 loss: 0.8804 time 1.40s
Epoch 3/60 63/125 loss: 0.8801 time 1.49s
Epoch 3/60 64/125 loss: 0.8792 time 1.38s
Epoch 3/60 65/125 loss: 0.8789 time 4.93s
Epoch 3/60 66/125 loss: 0.8782 time 3.70s
Epoch 3/60 67/125 loss: 0.8780 time 1.53s
Epoch 3/60 68/125 loss: 0.8781 time 1.48s
Epoch 3/60 69/125 loss: 0.8791 time 1.38s
Epoch 3/60 70/125 loss: 0.8792 time 1.47s
Epoch 3/60 71/125 loss: 0.8787 time 1.64s
Epoch 3/60 72/125 loss: 0.8782 time 1.48s
Epoch 3/60 73/125 loss: 0.8788 time 1.37s
Epoch 3/60 74/125 loss: 0.8796 time 13.06s
Epoch 3/60 75/125 loss: 0.8803 time 1.40s
Epoch 3/60 76/125 loss: 0.8802 time 1.38s
Epoch 3/60 77/125 loss: 0.8804 time 1.48s
Epoch 3/60 78/125 loss: 0.8804 time 1.39s
Epoch 3/60 79/125 loss: 0.8807 time 1.43s
Epoch 3/60 80/125 loss: 0.8797 time 1.39s
Epoch 3/60 81/125 loss: 0.8794 time 1.38s
Epoch 3/60 82/125 loss: 0.8801 time 12.38s
Epoch 3/60 83/125 loss: 0.8802 time 1.37s
Epoch 3/60 84/125 loss: 0.8807 time 1.38s
Epoch 3/60 85/125 loss: 0.8811 time 1.45s
Epoch 3/60 86/125 loss: 0.8807 time 1.46s
Epoch 3/60 87/125 loss: 0.8812 time 1.50s
Epoch 3/60 88/125 loss: 0.8809 time 1.37s
Epoch 3/60 89/125 loss: 0.8809 time 1.44s
Epoch 3/60 90/125 loss: 0.8803 time 11.08s
Epoch 3/60 91/125 loss: 0.8805 time 1.46s
Epoch 3/60 92/125 loss: 0.8802 time 1.37s
Epoch 3/60 93/125 loss: 0.8804 time 1.38s
Epoch 3/60 94/125 loss: 0.8800 time 1.38s
Epoch 3/60 95/125 loss: 0.8801 time 1.48s
Epoch 3/60 96/125 loss: 0.8795 time 1.51s
Epoch 3/60 97/125 loss: 0.8799 time 1.39s
Epoch 3/60 98/125 loss: 0.8803 time 4.53s
Epoch 3/60 99/125 loss: 0.8805 time 1.54s
Epoch 3/60 100/125 loss: 0.8805 time 1.40s
Epoch 3/60 101/125 loss: 0.8807 time 1.38s
Epoch 3/60 102/125 loss: 0.8803 time 1.49s
Epoch 3/60 103/125 loss: 0.8808 time 1.48s
Epoch 3/60 104/125 loss: 0.8809 time 1.50s
Epoch 3/60 105/125 loss: 0.8805 time 2.59s
Epoch 3/60 106/125 loss: 0.8807 time 6.93s
Epoch 3/60 107/125 loss: 0.8803 time 1.38s
Epoch 3/60 108/125 loss: 0.8807 time 1.48s
Epoch 3/60 109/125 loss: 0.8803 time 1.39s
Epoch 3/60 110/125 loss: 0.8806 time 1.36s
Epoch 3/60 111/125 loss: 0.8806 time 1.47s
Epoch 3/60 112/125 loss: 0.8807 time 1.44s
Epoch 3/60 113/125 loss: 0.8807 time 4.96s
Epoch 3/60 114/125 loss: 0.8809 time 4.09s
Epoch 3/60 115/125 loss: 0.8809 time 1.37s
Epoch 3/60 116/125 loss: 0.8806 time 1.38s
Epoch 3/60 117/125 loss: 0.8804 time 1.38s
Epoch 3/60 118/125 loss: 0.8805 time 1.38s
Epoch 3/60 119/125 loss: 0.8804 time 1.38s
Epoch 3/60 120/125 loss: 0.8800 time 1.38s
Epoch 3/60 121/125 loss: 0.8800 time 1.38s
Epoch 3/60 122/125 loss: 0.8800 time 1.38s
Epoch 3/60 123/125 loss: 0.8796 time 1.38s
Epoch 3/60 124/125 loss: 0.8795 time 1.39s
Final training  3/59 loss: 0.8795 time 322.91s
0 Thu Jul 13 15:19:00 2023 Epoch: 4
2 Thu Jul 13 15:24:46 2023 Epoch: 5
1 Thu Jul 13 15:24:46 2023 Epoch: 5
3 Thu Jul 13 15:24:46 2023 Epoch: 5
Epoch 4/60 0/125 loss: 0.8124 time 22.98s
Epoch 4/60 1/125 loss: 0.8146 time 3.98s
Epoch 4/60 2/125 loss: 0.8361 time 1.39s
Epoch 4/60 3/125 loss: 0.8427 time 1.47s
Epoch 4/60 4/125 loss: 0.8465 time 1.51s
Epoch 4/60 5/125 loss: 0.8526 time 1.47s
Epoch 4/60 6/125 loss: 0.8594 time 1.38s
Epoch 4/60 7/125 loss: 0.8480 time 1.50s
Epoch 4/60 8/125 loss: 0.8529 time 2.61s
Epoch 4/60 9/125 loss: 0.8510 time 5.52s
Epoch 4/60 10/125 loss: 0.8530 time 1.37s
Epoch 4/60 11/125 loss: 0.8564 time 1.48s
Epoch 4/60 12/125 loss: 0.8647 time 1.46s
Epoch 4/60 13/125 loss: 0.8656 time 1.38s
Epoch 4/60 14/125 loss: 0.8695 time 1.51s
Epoch 4/60 15/125 loss: 0.8710 time 1.65s
Epoch 4/60 16/125 loss: 0.8701 time 3.88s
Epoch 4/60 17/125 loss: 0.8679 time 8.18s
Epoch 4/60 18/125 loss: 0.8666 time 1.39s
Epoch 4/60 19/125 loss: 0.8651 time 1.50s
Epoch 4/60 20/125 loss: 0.8650 time 1.53s
Epoch 4/60 21/125 loss: 0.8661 time 1.48s
Epoch 4/60 22/125 loss: 0.8656 time 1.46s
Epoch 4/60 23/125 loss: 0.8657 time 1.41s
Epoch 4/60 24/125 loss: 0.8686 time 1.48s
Epoch 4/60 25/125 loss: 0.8703 time 6.70s
Epoch 4/60 26/125 loss: 0.8695 time 1.39s
Epoch 4/60 27/125 loss: 0.8687 time 1.38s
Epoch 4/60 28/125 loss: 0.8693 time 1.37s
Epoch 4/60 29/125 loss: 0.8687 time 1.38s
Epoch 4/60 30/125 loss: 0.8681 time 1.39s
Epoch 4/60 31/125 loss: 0.8691 time 1.37s
Epoch 4/60 32/125 loss: 0.8696 time 5.03s
Epoch 4/60 33/125 loss: 0.8692 time 18.56s
Epoch 4/60 34/125 loss: 0.8682 time 1.37s
Epoch 4/60 35/125 loss: 0.8678 time 1.36s
Epoch 4/60 36/125 loss: 0.8690 time 1.37s
Epoch 4/60 37/125 loss: 0.8703 time 1.35s
Epoch 4/60 38/125 loss: 0.8707 time 1.37s
Epoch 4/60 39/125 loss: 0.8696 time 1.37s
Epoch 4/60 40/125 loss: 0.8707 time 12.23s
Epoch 4/60 41/125 loss: 0.8700 time 13.64s
Epoch 4/60 42/125 loss: 0.8698 time 1.37s
Epoch 4/60 43/125 loss: 0.8695 time 1.36s
Epoch 4/60 44/125 loss: 0.8695 time 1.47s
Epoch 4/60 45/125 loss: 0.8701 time 1.36s
Epoch 4/60 46/125 loss: 0.8708 time 1.36s
Epoch 4/60 47/125 loss: 0.8708 time 1.41s
Epoch 4/60 48/125 loss: 0.8714 time 7.02s
Epoch 4/60 49/125 loss: 0.8709 time 6.87s
Epoch 4/60 50/125 loss: 0.8693 time 1.48s
Epoch 4/60 51/125 loss: 0.8693 time 1.39s
Epoch 4/60 52/125 loss: 0.8698 time 1.36s
Epoch 4/60 53/125 loss: 0.8705 time 1.46s
Epoch 4/60 54/125 loss: 0.8698 time 1.42s
Epoch 4/60 55/125 loss: 0.8685 time 1.37s
Epoch 4/60 56/125 loss: 0.8676 time 3.81s
Epoch 4/60 57/125 loss: 0.8668 time 4.65s
Epoch 4/60 58/125 loss: 0.8671 time 1.45s
Epoch 4/60 59/125 loss: 0.8663 time 1.50s
Epoch 4/60 60/125 loss: 0.8663 time 1.39s
Epoch 4/60 61/125 loss: 0.8667 time 1.37s
Epoch 4/60 62/125 loss: 0.8669 time 1.47s
Epoch 4/60 63/125 loss: 0.8671 time 1.53s
Epoch 4/60 64/125 loss: 0.8670 time 4.03s
Epoch 4/60 65/125 loss: 0.8676 time 11.75s
Epoch 4/60 66/125 loss: 0.8666 time 1.44s
Epoch 4/60 67/125 loss: 0.8663 time 1.39s
Epoch 4/60 68/125 loss: 0.8657 time 1.37s
Epoch 4/60 69/125 loss: 0.8652 time 1.37s
Epoch 4/60 70/125 loss: 0.8648 time 1.47s
Epoch 4/60 71/125 loss: 0.8645 time 1.44s
Epoch 4/60 72/125 loss: 0.8645 time 6.85s
Epoch 4/60 73/125 loss: 0.8641 time 6.02s
Epoch 4/60 74/125 loss: 0.8632 time 1.48s
Epoch 4/60 75/125 loss: 0.8628 time 1.66s
Epoch 4/60 76/125 loss: 0.8625 time 1.43s
Epoch 4/60 77/125 loss: 0.8619 time 1.45s
Epoch 4/60 78/125 loss: 0.8615 time 1.37s
Epoch 4/60 79/125 loss: 0.8621 time 1.47s
Epoch 4/60 80/125 loss: 0.8619 time 2.17s
Epoch 4/60 81/125 loss: 0.8619 time 1.49s
Epoch 4/60 82/125 loss: 0.8623 time 1.52s
Epoch 4/60 83/125 loss: 0.8627 time 5.81s
Epoch 4/60 84/125 loss: 0.8630 time 1.44s
Epoch 4/60 85/125 loss: 0.8636 time 1.48s
Epoch 4/60 86/125 loss: 0.8641 time 1.43s
Epoch 4/60 87/125 loss: 0.8641 time 1.52s
Epoch 4/60 88/125 loss: 0.8649 time 1.39s
Epoch 4/60 89/125 loss: 0.8651 time 1.39s
Epoch 4/60 90/125 loss: 0.8650 time 1.44s
Epoch 4/60 91/125 loss: 0.8658 time 10.48s
Epoch 4/60 92/125 loss: 0.8657 time 1.41s
Epoch 4/60 93/125 loss: 0.8657 time 1.39s
Epoch 4/60 94/125 loss: 0.8658 time 1.46s
Epoch 4/60 95/125 loss: 0.8658 time 1.47s
Epoch 4/60 96/125 loss: 0.8656 time 1.37s
Epoch 4/60 97/125 loss: 0.8650 time 1.47s
Epoch 4/60 98/125 loss: 0.8646 time 1.43s
Epoch 4/60 99/125 loss: 0.8646 time 11.49s
Epoch 4/60 100/125 loss: 0.8642 time 1.36s
Epoch 4/60 101/125 loss: 0.8641 time 1.50s
Epoch 4/60 102/125 loss: 0.8640 time 1.44s
Epoch 4/60 103/125 loss: 0.8642 time 1.38s
Epoch 4/60 104/125 loss: 0.8640 time 1.46s
Epoch 4/60 105/125 loss: 0.8640 time 1.41s
Epoch 4/60 106/125 loss: 0.8641 time 1.38s
Epoch 4/60 107/125 loss: 0.8643 time 13.34s
Epoch 4/60 108/125 loss: 0.8639 time 1.38s
Epoch 4/60 109/125 loss: 0.8642 time 1.41s
Epoch 4/60 110/125 loss: 0.8640 time 1.37s
Epoch 4/60 111/125 loss: 0.8636 time 1.40s
Epoch 4/60 112/125 loss: 0.8630 time 1.39s
Epoch 4/60 113/125 loss: 0.8632 time 1.37s
Epoch 4/60 114/125 loss: 0.8626 time 1.38s
Epoch 4/60 115/125 loss: 0.8619 time 6.23s
Epoch 4/60 116/125 loss: 0.8615 time 1.37s
Epoch 4/60 117/125 loss: 0.8610 time 1.38s
Epoch 4/60 118/125 loss: 0.8608 time 1.38s
Epoch 4/60 119/125 loss: 0.8607 time 1.38s
Epoch 4/60 120/125 loss: 0.8613 time 1.37s
Epoch 4/60 121/125 loss: 0.8612 time 1.38s
Epoch 4/60 122/125 loss: 0.8610 time 1.38s
Epoch 4/60 123/125 loss: 0.8609 time 1.38s
Epoch 4/60 124/125 loss: 0.8610 time 1.36s
Final training  4/59 loss: 0.8610 time 346.41s
0 Thu Jul 13 15:24:46 2023 Epoch: 5
2 Thu Jul 13 15:29:40 2023 Epoch: 6
1 Thu Jul 13 15:29:40 2023 Epoch: 6
3 Thu Jul 13 15:29:40 2023 Epoch: 6
Epoch 5/60 0/125 loss: 0.8326 time 26.87s
Epoch 5/60 1/125 loss: 0.8499 time 1.38s
Epoch 5/60 2/125 loss: 0.8382 time 1.43s
Epoch 5/60 3/125 loss: 0.8443 time 1.41s
Epoch 5/60 4/125 loss: 0.8370 time 1.38s
Epoch 5/60 5/125 loss: 0.8333 time 1.49s
Epoch 5/60 6/125 loss: 0.8335 time 1.49s
Epoch 5/60 7/125 loss: 0.8309 time 1.38s
Epoch 5/60 8/125 loss: 0.8320 time 7.18s
Epoch 5/60 9/125 loss: 0.8424 time 2.29s
Epoch 5/60 10/125 loss: 0.8453 time 2.73s
Epoch 5/60 11/125 loss: 0.8494 time 1.56s
Epoch 5/60 12/125 loss: 0.8485 time 1.46s
Epoch 5/60 13/125 loss: 0.8491 time 1.41s
Epoch 5/60 14/125 loss: 0.8496 time 1.42s
Epoch 5/60 15/125 loss: 0.8501 time 1.37s
Epoch 5/60 16/125 loss: 0.8521 time 9.56s
Epoch 5/60 17/125 loss: 0.8526 time 1.49s
Epoch 5/60 18/125 loss: 0.8507 time 1.41s
Epoch 5/60 19/125 loss: 0.8518 time 1.47s
Epoch 5/60 20/125 loss: 0.8529 time 1.41s
Epoch 5/60 21/125 loss: 0.8535 time 1.51s
Epoch 5/60 22/125 loss: 0.8538 time 1.57s
Epoch 5/60 23/125 loss: 0.8552 time 1.47s
Epoch 5/60 24/125 loss: 0.8568 time 3.33s
Epoch 5/60 25/125 loss: 0.8566 time 1.54s
Epoch 5/60 26/125 loss: 0.8559 time 1.39s
Epoch 5/60 27/125 loss: 0.8563 time 1.45s
Epoch 5/60 28/125 loss: 0.8576 time 1.40s
Epoch 5/60 29/125 loss: 0.8567 time 1.46s
Epoch 5/60 30/125 loss: 0.8556 time 1.49s
Epoch 5/60 31/125 loss: 0.8573 time 1.51s
Epoch 5/60 32/125 loss: 0.8562 time 5.70s
Epoch 5/60 33/125 loss: 0.8575 time 1.38s
Epoch 5/60 34/125 loss: 0.8559 time 3.97s
Epoch 5/60 35/125 loss: 0.8546 time 3.78s
Epoch 5/60 36/125 loss: 0.8545 time 1.47s
Epoch 5/60 37/125 loss: 0.8556 time 1.49s
Epoch 5/60 38/125 loss: 0.8554 time 2.01s
Epoch 5/60 39/125 loss: 0.8546 time 1.52s
Epoch 5/60 40/125 loss: 0.8539 time 1.47s
Epoch 5/60 41/125 loss: 0.8522 time 1.45s
Epoch 5/60 42/125 loss: 0.8515 time 1.44s
Epoch 5/60 43/125 loss: 0.8506 time 4.58s
Epoch 5/60 44/125 loss: 0.8491 time 1.42s
Epoch 5/60 45/125 loss: 0.8495 time 1.36s
Epoch 5/60 46/125 loss: 0.8501 time 1.47s
Epoch 5/60 47/125 loss: 0.8503 time 1.49s
Epoch 5/60 48/125 loss: 0.8494 time 1.91s
Epoch 5/60 49/125 loss: 0.8491 time 1.64s
Epoch 5/60 50/125 loss: 0.8495 time 1.41s
Epoch 5/60 51/125 loss: 0.8494 time 7.53s
Epoch 5/60 52/125 loss: 0.8491 time 1.44s
Epoch 5/60 53/125 loss: 0.8492 time 1.47s
Epoch 5/60 54/125 loss: 0.8485 time 1.40s
Epoch 5/60 55/125 loss: 0.8489 time 1.38s
Epoch 5/60 56/125 loss: 0.8501 time 1.50s
Epoch 5/60 57/125 loss: 0.8507 time 1.47s
Epoch 5/60 58/125 loss: 0.8500 time 5.58s
Epoch 5/60 59/125 loss: 0.8490 time 2.90s
Epoch 5/60 60/125 loss: 0.8494 time 1.47s
Epoch 5/60 61/125 loss: 0.8488 time 1.48s
Epoch 5/60 62/125 loss: 0.8482 time 1.39s
Epoch 5/60 63/125 loss: 0.8485 time 1.48s
Epoch 5/60 64/125 loss: 0.8489 time 1.86s
Epoch 5/60 65/125 loss: 0.8493 time 1.65s
Epoch 5/60 66/125 loss: 0.8489 time 10.62s
Epoch 5/60 67/125 loss: 0.8490 time 1.46s
Epoch 5/60 68/125 loss: 0.8490 time 1.39s
Epoch 5/60 69/125 loss: 0.8490 time 1.37s
Epoch 5/60 70/125 loss: 0.8494 time 1.45s
Epoch 5/60 71/125 loss: 0.8494 time 1.50s
Epoch 5/60 72/125 loss: 0.8493 time 1.68s
Epoch 5/60 73/125 loss: 0.8493 time 6.35s
Epoch 5/60 74/125 loss: 0.8489 time 6.52s
Epoch 5/60 75/125 loss: 0.8484 time 1.39s
Epoch 5/60 76/125 loss: 0.8478 time 1.46s
Epoch 5/60 77/125 loss: 0.8480 time 1.52s
Epoch 5/60 78/125 loss: 0.8489 time 1.45s
Epoch 5/60 79/125 loss: 0.8489 time 1.52s
Epoch 5/60 80/125 loss: 0.8490 time 1.46s
Epoch 5/60 81/125 loss: 0.8491 time 1.49s
Epoch 5/60 82/125 loss: 0.8489 time 2.04s
Epoch 5/60 83/125 loss: 0.8501 time 1.36s
Epoch 5/60 84/125 loss: 0.8501 time 1.38s
Epoch 5/60 85/125 loss: 0.8496 time 1.46s
Epoch 5/60 86/125 loss: 0.8496 time 1.39s
Epoch 5/60 87/125 loss: 0.8494 time 1.39s
Epoch 5/60 88/125 loss: 0.8499 time 1.48s
Epoch 5/60 89/125 loss: 0.8500 time 4.80s
Epoch 5/60 90/125 loss: 0.8500 time 7.71s
Epoch 5/60 91/125 loss: 0.8501 time 1.38s
Epoch 5/60 92/125 loss: 0.8498 time 1.46s
Epoch 5/60 93/125 loss: 0.8494 time 1.42s
Epoch 5/60 94/125 loss: 0.8493 time 1.39s
Epoch 5/60 95/125 loss: 0.8494 time 1.45s
Epoch 5/60 96/125 loss: 0.8482 time 1.49s
Epoch 5/60 97/125 loss: 0.8473 time 2.75s
Epoch 5/60 98/125 loss: 0.8475 time 5.60s
Epoch 5/60 99/125 loss: 0.8473 time 1.39s
Epoch 5/60 100/125 loss: 0.8464 time 1.48s
Epoch 5/60 101/125 loss: 0.8466 time 1.38s
Epoch 5/60 102/125 loss: 0.8464 time 1.40s
Epoch 5/60 103/125 loss: 0.8464 time 1.48s
Epoch 5/60 104/125 loss: 0.8466 time 1.51s
Epoch 5/60 105/125 loss: 0.8469 time 1.56s
Epoch 5/60 106/125 loss: 0.8464 time 4.27s
Epoch 5/60 107/125 loss: 0.8458 time 1.48s
Epoch 5/60 108/125 loss: 0.8460 time 1.50s
Epoch 5/60 109/125 loss: 0.8459 time 1.43s
Epoch 5/60 110/125 loss: 0.8465 time 1.46s
Epoch 5/60 111/125 loss: 0.8457 time 1.46s
Epoch 5/60 112/125 loss: 0.8463 time 1.42s
Epoch 5/60 113/125 loss: 0.8460 time 1.42s
Epoch 5/60 114/125 loss: 0.8467 time 7.23s
Epoch 5/60 115/125 loss: 0.8466 time 1.38s
Epoch 5/60 116/125 loss: 0.8470 time 1.39s
Epoch 5/60 117/125 loss: 0.8471 time 1.38s
Epoch 5/60 118/125 loss: 0.8469 time 1.39s
Epoch 5/60 119/125 loss: 0.8472 time 1.38s
Epoch 5/60 120/125 loss: 0.8462 time 1.39s
Epoch 5/60 121/125 loss: 0.8464 time 1.36s
Epoch 5/60 122/125 loss: 0.8456 time 1.39s
Epoch 5/60 123/125 loss: 0.8455 time 1.40s
Epoch 5/60 124/125 loss: 0.8453 time 1.39s
Final training  5/59 loss: 0.8453 time 293.30s
0 Thu Jul 13 15:29:40 2023 Epoch: 6
1 Thu Jul 13 15:35:12 2023 Epoch: 7
2 Thu Jul 13 15:35:12 2023 Epoch: 7
3 Thu Jul 13 15:35:12 2023 Epoch: 7
Epoch 6/60 0/125 loss: 0.7898 time 23.26s
Epoch 6/60 1/125 loss: 0.8238 time 1.46s
Epoch 6/60 2/125 loss: 0.8346 time 1.43s
Epoch 6/60 3/125 loss: 0.8500 time 1.46s
Epoch 6/60 4/125 loss: 0.8450 time 1.40s
Epoch 6/60 5/125 loss: 0.8520 time 1.48s
Epoch 6/60 6/125 loss: 0.8434 time 1.49s
Epoch 6/60 7/125 loss: 0.8378 time 1.41s
Epoch 6/60 8/125 loss: 0.8439 time 6.22s
Epoch 6/60 9/125 loss: 0.8466 time 1.36s
Epoch 6/60 10/125 loss: 0.8404 time 1.50s
Epoch 6/60 11/125 loss: 0.8367 time 1.42s
Epoch 6/60 12/125 loss: 0.8374 time 1.38s
Epoch 6/60 13/125 loss: 0.8382 time 1.38s
Epoch 6/60 14/125 loss: 0.8399 time 1.38s
Epoch 6/60 15/125 loss: 0.8405 time 1.38s
Epoch 6/60 16/125 loss: 0.8435 time 40.86s
Epoch 6/60 17/125 loss: 0.8452 time 1.35s
Epoch 6/60 18/125 loss: 0.8466 time 1.34s
Epoch 6/60 19/125 loss: 0.8450 time 1.35s
Epoch 6/60 20/125 loss: 0.8464 time 1.35s
Epoch 6/60 21/125 loss: 0.8456 time 1.36s
Epoch 6/60 22/125 loss: 0.8456 time 1.42s
Epoch 6/60 23/125 loss: 0.8459 time 1.35s
Epoch 6/60 24/125 loss: 0.8450 time 16.61s
Epoch 6/60 25/125 loss: 0.8445 time 1.38s
Epoch 6/60 26/125 loss: 0.8455 time 1.36s
Epoch 6/60 27/125 loss: 0.8453 time 1.46s
Epoch 6/60 28/125 loss: 0.8444 time 1.47s
Epoch 6/60 29/125 loss: 0.8435 time 1.42s
Epoch 6/60 30/125 loss: 0.8400 time 1.44s
Epoch 6/60 31/125 loss: 0.8398 time 1.43s
Epoch 6/60 32/125 loss: 0.8386 time 4.12s
Epoch 6/60 33/125 loss: 0.8379 time 5.29s
Epoch 6/60 34/125 loss: 0.8382 time 1.48s
Epoch 6/60 35/125 loss: 0.8389 time 2.94s
Epoch 6/60 36/125 loss: 0.8374 time 1.40s
Epoch 6/60 37/125 loss: 0.8384 time 1.42s
Epoch 6/60 38/125 loss: 0.8362 time 1.49s
Epoch 6/60 39/125 loss: 0.8370 time 1.47s
Epoch 6/60 40/125 loss: 0.8389 time 1.37s
Epoch 6/60 41/125 loss: 0.8389 time 1.51s
Epoch 6/60 42/125 loss: 0.8398 time 2.46s
Epoch 6/60 43/125 loss: 0.8383 time 5.33s
Epoch 6/60 44/125 loss: 0.8377 time 1.55s
Epoch 6/60 45/125 loss: 0.8385 time 1.37s
Epoch 6/60 46/125 loss: 0.8382 time 1.46s
Epoch 6/60 47/125 loss: 0.8375 time 1.50s
Epoch 6/60 48/125 loss: 0.8381 time 1.92s
Epoch 6/60 49/125 loss: 0.8372 time 1.37s
Epoch 6/60 50/125 loss: 0.8378 time 4.91s
Epoch 6/60 51/125 loss: 0.8380 time 1.48s
Epoch 6/60 52/125 loss: 0.8367 time 1.45s
Epoch 6/60 53/125 loss: 0.8384 time 1.42s
Epoch 6/60 54/125 loss: 0.8379 time 1.47s
Epoch 6/60 55/125 loss: 0.8382 time 1.43s
Epoch 6/60 56/125 loss: 0.8377 time 1.65s
Epoch 6/60 57/125 loss: 0.8375 time 1.46s
Epoch 6/60 58/125 loss: 0.8371 time 13.09s
Epoch 6/60 59/125 loss: 0.8371 time 1.40s
Epoch 6/60 60/125 loss: 0.8374 time 1.38s
Epoch 6/60 61/125 loss: 0.8370 time 1.38s
Epoch 6/60 62/125 loss: 0.8361 time 1.40s
Epoch 6/60 63/125 loss: 0.8370 time 1.44s
Epoch 6/60 64/125 loss: 0.8363 time 1.42s
Epoch 6/60 65/125 loss: 0.8358 time 1.37s
Epoch 6/60 66/125 loss: 0.8347 time 4.52s
Epoch 6/60 67/125 loss: 0.8342 time 1.40s
Epoch 6/60 68/125 loss: 0.8341 time 1.39s
Epoch 6/60 69/125 loss: 0.8347 time 1.37s
Epoch 6/60 70/125 loss: 0.8349 time 1.38s
Epoch 6/60 71/125 loss: 0.8348 time 1.47s
Epoch 6/60 72/125 loss: 0.8348 time 2.42s
Epoch 6/60 73/125 loss: 0.8351 time 5.47s
Epoch 6/60 74/125 loss: 0.8347 time 1.46s
Epoch 6/60 75/125 loss: 0.8353 time 2.36s
Epoch 6/60 76/125 loss: 0.8352 time 1.40s
Epoch 6/60 77/125 loss: 0.8358 time 1.38s
Epoch 6/60 78/125 loss: 0.8358 time 1.50s
Epoch 6/60 79/125 loss: 0.8362 time 1.41s
Epoch 6/60 80/125 loss: 0.8360 time 1.49s
Epoch 6/60 81/125 loss: 0.8364 time 2.69s
Epoch 6/60 82/125 loss: 0.8359 time 5.46s
Epoch 6/60 83/125 loss: 0.8363 time 1.99s
Epoch 6/60 84/125 loss: 0.8365 time 1.47s
Epoch 6/60 85/125 loss: 0.8361 time 1.46s
Epoch 6/60 86/125 loss: 0.8360 time 3.52s
Epoch 6/60 87/125 loss: 0.8355 time 1.39s
Epoch 6/60 88/125 loss: 0.8353 time 1.52s
Epoch 6/60 89/125 loss: 0.8350 time 3.75s
Epoch 6/60 90/125 loss: 0.8347 time 2.21s
Epoch 6/60 91/125 loss: 0.8350 time 1.40s
Epoch 6/60 92/125 loss: 0.8346 time 1.48s
Epoch 6/60 93/125 loss: 0.8339 time 1.42s
Epoch 6/60 94/125 loss: 0.8334 time 5.21s
Epoch 6/60 95/125 loss: 0.8341 time 1.42s
Epoch 6/60 96/125 loss: 0.8337 time 1.45s
Epoch 6/60 97/125 loss: 0.8333 time 3.89s
Epoch 6/60 98/125 loss: 0.8329 time 1.51s
Epoch 6/60 99/125 loss: 0.8332 time 2.17s
Epoch 6/60 100/125 loss: 0.8330 time 1.42s
Epoch 6/60 101/125 loss: 0.8332 time 9.70s
Epoch 6/60 102/125 loss: 0.8331 time 1.38s
Epoch 6/60 103/125 loss: 0.8331 time 1.38s
Epoch 6/60 104/125 loss: 0.8330 time 1.44s
Epoch 6/60 105/125 loss: 0.8325 time 1.47s
Epoch 6/60 106/125 loss: 0.8319 time 1.47s
Epoch 6/60 107/125 loss: 0.8313 time 3.69s
Epoch 6/60 108/125 loss: 0.8310 time 1.42s
Epoch 6/60 109/125 loss: 0.8311 time 6.88s
Epoch 6/60 110/125 loss: 0.8310 time 1.37s
Epoch 6/60 111/125 loss: 0.8308 time 1.52s
Epoch 6/60 112/125 loss: 0.8302 time 1.43s
Epoch 6/60 113/125 loss: 0.8303 time 1.40s
Epoch 6/60 114/125 loss: 0.8300 time 1.38s
Epoch 6/60 115/125 loss: 0.8297 time 1.38s
Epoch 6/60 116/125 loss: 0.8299 time 1.40s
Epoch 6/60 117/125 loss: 0.8304 time 2.38s
Epoch 6/60 118/125 loss: 0.8303 time 1.39s
Epoch 6/60 119/125 loss: 0.8302 time 1.38s
Epoch 6/60 120/125 loss: 0.8299 time 1.38s
Epoch 6/60 121/125 loss: 0.8301 time 1.37s
Epoch 6/60 122/125 loss: 0.8302 time 1.39s
Epoch 6/60 123/125 loss: 0.8302 time 1.38s
Epoch 6/60 124/125 loss: 0.8303 time 1.38s
Final training  6/59 loss: 0.8303 time 332.28s
0 Thu Jul 13 15:35:12 2023 Epoch: 7
1 Thu Jul 13 15:40:01 2023 Epoch: 8
Epoch 7/60 0/125 loss: 0.8580 time 18.92s
Epoch 7/60 1/125 loss: 0.8564 time 1.38s
Epoch 7/60 2/125 loss: 0.8461 time 1.46s
Epoch 7/60 3/125 loss: 0.8451 time 1.43s
Epoch 7/60 4/125 loss: 0.8392 time 1.38s
Epoch 7/60 5/125 loss: 0.8380 time 1.45s
Epoch 7/60 6/125 loss: 0.8447 time 1.38s
Epoch 7/60 7/125 loss: 0.8428 time 1.37s
Epoch 7/60 8/125 loss: 0.8343 time 7.42s
Epoch 7/60 9/125 loss: 0.8277 time 1.43s
Epoch 7/60 10/125 loss: 0.8253 time 1.38s
Epoch 7/60 11/125 loss: 0.8254 time 1.48s
Epoch 7/60 12/125 loss: 0.8246 time 1.51s
Epoch 7/60 13/125 loss: 0.8237 time 1.46s
Epoch 7/60 14/125 loss: 0.8188 time 1.62s
Epoch 7/60 15/125 loss: 0.8216 time 1.38s
Epoch 7/60 16/125 loss: 0.8181 time 8.57s
Epoch 7/60 17/125 loss: 0.8161 time 1.46s
Epoch 7/60 18/125 loss: 0.8211 time 1.44s
Epoch 7/60 19/125 loss: 0.8212 time 1.48s
Epoch 7/60 20/125 loss: 0.8192 time 1.43s
Epoch 7/60 21/125 loss: 0.8233 time 1.52s
Epoch 7/60 22/125 loss: 0.8209 time 1.56s
Epoch 7/60 23/125 loss: 0.8189 time 1.54s
Epoch 7/60 24/125 loss: 0.8157 time 12.78s
Epoch 7/60 25/125 loss: 0.8147 time 1.40s
Epoch 7/60 26/125 loss: 0.8155 time 1.37s
Epoch 7/60 27/125 loss: 0.8160 time 1.51s
Epoch 7/60 28/125 loss: 0.8149 time 1.50s
Epoch 7/60 29/125 loss: 0.8147 time 1.46s
Epoch 7/60 30/125 loss: 0.8145 time 1.42s
Epoch 7/60 31/125 loss: 0.8148 time 1.39s
Epoch 7/60 32/125 loss: 0.8152 time 7.49s
Epoch 7/60 33/125 loss: 0.8171 time 1.41s
Epoch 7/60 34/125 loss: 0.8146 time 1.38s
Epoch 7/60 35/125 loss: 0.8158 time 1.38s
Epoch 7/60 36/125 loss: 0.8168 time 1.51s
Epoch 7/60 37/125 loss: 0.8170 time 1.37s
Epoch 7/60 38/125 loss: 0.8169 time 1.47s
Epoch 7/60 39/125 loss: 0.8178 time 1.47s
Epoch 7/60 40/125 loss: 0.8166 time 9.27s
Epoch 7/60 41/125 loss: 0.8159 time 1.37s
Epoch 7/60 42/125 loss: 0.8151 time 1.42s
Epoch 7/60 43/125 loss: 0.8154 time 1.43s
Epoch 7/60 44/125 loss: 0.8170 time 1.39s
Epoch 7/60 45/125 loss: 0.8181 time 1.35s
Epoch 7/60 46/125 loss: 0.8185 time 1.47s
Epoch 7/60 47/125 loss: 0.8193 time 1.49s
Epoch 7/60 48/125 loss: 0.8178 time 11.57s
Epoch 7/60 49/125 loss: 0.8170 time 1.45s
Epoch 7/60 50/125 loss: 0.8172 time 1.40s
Epoch 7/60 51/125 loss: 0.8164 time 1.38s
Epoch 7/60 52/125 loss: 0.8169 time 1.43s
Epoch 7/60 53/125 loss: 0.8157 time 1.37s
Epoch 7/60 54/125 loss: 0.8166 time 1.38s
Epoch 7/60 55/125 loss: 0.8159 time 1.53s
Epoch 7/60 56/125 loss: 0.8150 time 9.12s
Epoch 7/60 57/125 loss: 0.8152 time 1.49s
Epoch 7/60 58/125 loss: 0.8161 time 1.48s
Epoch 7/60 59/125 loss: 0.8151 time 1.45s
Epoch 7/60 60/125 loss: 0.8146 time 1.48s
Epoch 7/60 61/125 loss: 0.8154 time 1.50s
Epoch 7/60 62/125 loss: 0.8149 time 1.39s
Epoch 7/60 63/125 loss: 0.8142 time 1.39s
Epoch 7/60 64/125 loss: 0.8138 time 4.10s
Epoch 7/60 65/125 loss: 0.8142 time 1.39s
Epoch 7/60 66/125 loss: 0.8138 time 1.39s
Epoch 7/60 67/125 loss: 0.8135 time 1.46s
Epoch 7/60 68/125 loss: 0.8136 time 1.47s
Epoch 7/60 69/125 loss: 0.8139 time 1.39s
Epoch 7/60 70/125 loss: 0.8136 time 1.44s
Epoch 7/60 71/125 loss: 0.8133 time 1.49s
Epoch 7/60 72/125 loss: 0.8146 time 10.10s
Epoch 7/60 73/125 loss: 0.8148 time 1.39s
Epoch 7/60 74/125 loss: 0.8157 time 1.47s
Epoch 7/60 75/125 loss: 0.8167 time 1.38s
Epoch 7/60 76/125 loss: 0.8170 time 1.38s
Epoch 7/60 77/125 loss: 0.8164 time 1.45s
Epoch 7/60 78/125 loss: 0.8157 time 1.48s
Epoch 7/60 79/125 loss: 0.8157 time 1.47s
Epoch 7/60 80/125 loss: 0.8148 time 9.81s
Epoch 7/60 81/125 loss: 0.8142 time 1.41s
Epoch 7/60 82/125 loss: 0.8134 time 1.37s
Epoch 7/60 83/125 loss: 0.8135 time 1.49s
Epoch 7/60 84/125 loss: 0.8146 time 1.44s
Epoch 7/60 85/125 loss: 0.8142 time 1.44s
Epoch 7/60 86/125 loss: 0.8141 time 1.39s
Epoch 7/60 87/125 loss: 0.8143 time 1.48s
Epoch 7/60 88/125 loss: 0.8133 time 7.22s
Epoch 7/60 89/125 loss: 0.8128 time 1.38s
Epoch 7/60 90/125 loss: 0.8135 time 1.48s
Epoch 7/60 91/125 loss: 0.8130 time 1.48s
Epoch 7/60 92/125 loss: 0.8130 time 1.51s
Epoch 7/60 93/125 loss: 0.8135 time 1.42s
Epoch 7/60 94/125 loss: 0.8135 time 1.38s
Epoch 7/60 95/125 loss: 0.8133 time 1.45s
Epoch 7/60 96/125 loss: 0.8137 time 4.46s
Epoch 7/60 97/125 loss: 0.8131 time 1.50s
Epoch 7/60 98/125 loss: 0.8124 time 1.50s
Epoch 7/60 99/125 loss: 0.8128 time 1.48s
Epoch 7/60 100/125 loss: 0.8126 time 1.38s
Epoch 7/60 101/125 loss: 0.8125 time 1.47s
Epoch 7/60 102/125 loss: 0.8125 time 1.50s
Epoch 7/60 103/125 loss: 0.8126 time 1.52s
Epoch 7/60 104/125 loss: 0.8123 time 1.50s
Epoch 7/60 105/125 loss: 0.8125 time 1.41s
Epoch 7/60 106/125 loss: 0.8125 time 1.50s
Epoch 7/60 107/125 loss: 0.8122 time 1.43s
Epoch 7/60 108/125 loss: 0.8129 time 1.69s
Epoch 7/60 109/125 loss: 0.8131 time 1.53s
Epoch 7/60 110/125 loss: 0.8139 time 1.49s
Epoch 7/60 111/125 loss: 0.8139 time 1.55s
Epoch 7/60 112/125 loss: 0.8138 time 8.12s
Epoch 7/60 113/125 loss: 0.8141 time 1.41s
Epoch 7/60 114/125 loss: 0.8136 time 1.39s
Epoch 7/60 115/125 loss: 0.8139 time 1.39s
Epoch 7/60 116/125 loss: 0.8143 time 1.39s
Epoch 7/60 117/125 loss: 0.8142 time 1.38s
Epoch 7/60 118/125 loss: 0.8141 time 1.39s
Epoch 7/60 119/125 loss: 0.8141 time 1.39s
Epoch 7/60 120/125 loss: 0.8143 time 1.38s
Epoch 7/60 121/125 loss: 0.8137 time 1.39s
Epoch 7/60 122/125 loss: 0.8138 time 1.40s
Epoch 7/60 123/125 loss: 0.8138 time 1.39s
Epoch 7/60 124/125 loss: 0.8138 time 1.39s
Final training  7/59 loss: 0.8138 time 289.14s
0 Thu Jul 13 15:40:01 2023 Epoch: 8
2 Thu Jul 13 15:40:01 2023 Epoch: 8
3 Thu Jul 13 15:40:01 2023 Epoch: 8
slurmstepd: error: *** JOB 9359066 ON gra1171 CANCELLED AT 2023-07-13T15:40:16 ***
